--------------------------------------------------------------------------------
Release 14.7 Trace  (nt64)
Copyright (c) 1995-2013 Xilinx, Inc.  All rights reserved.

D:\Xilinx\14.7\ISE_DS\ISE\bin\nt64\unwrapped\trce.exe -intstyle ise -v 3 -s 3
-n 3 -fastpaths -xml single_digit_add_sub_mult.twx
single_digit_add_sub_mult.ncd -o single_digit_add_sub_mult.twr
single_digit_add_sub_mult.pcf -ucf single_digit_add_sub_mult.ucf

Design file:              single_digit_add_sub_mult.ncd
Physical constraint file: single_digit_add_sub_mult.pcf
Device,package,speed:     xc6slx16,csg324,C,-3 (PRODUCTION 1.23 2013-10-13)
Report level:             verbose report

Environment Variable      Effect 
--------------------      ------ 
NONE                      No environment variables were set
--------------------------------------------------------------------------------

INFO:Timing:2698 - No timing constraints found, doing default enumeration.
INFO:Timing:3412 - To improve timing, see the Timing Closure User Guide (UG612).
INFO:Timing:2752 - To get complete path coverage, use the unconstrained paths 
   option. All paths that are not constrained will be reported in the 
   unconstrained paths section(s) of the report.
INFO:Timing:3339 - The clock-to-out numbers in this timing report are based on 
   a 50 Ohm transmission line loading model.  For the details of this model, 
   and for more information on accounting for different loading conditions, 
   please see the device datasheet.



Data Sheet report:
-----------------
All values displayed in nanoseconds (ns)

Setup/Hold to clock clk
------------+------------+------------+------------+------------+------------------+--------+
            |Max Setup to|  Process   |Max Hold to |  Process   |                  | Clock  |
Source      | clk (edge) |   Corner   | clk (edge) |   Corner   |Internal Clock(s) | Phase  |
------------+------------+------------+------------+------------+------------------+--------+
rst_n       |    3.542(R)|      SLOW  |   -0.565(R)|      SLOW  |clk_BUFGP         |   0.000|
------------+------------+------------+------------+------------+------------------+--------+

Clock clk to Pad
------------+-----------------+------------+-----------------+------------+------------------+--------+
            |Max (slowest) clk|  Process   |Min (fastest) clk|  Process   |                  | Clock  |
Destination |  (edge) to PAD  |   Corner   |  (edge) to PAD  |   Corner   |Internal Clock(s) | Phase  |
------------+-----------------+------------+-----------------+------------+------------------+--------+
control<0>  |         8.652(R)|      SLOW  |         4.573(R)|      FAST  |clk_BUFGP         |   0.000|
control<1>  |         8.655(R)|      SLOW  |         4.576(R)|      FAST  |clk_BUFGP         |   0.000|
control<2>  |         8.722(R)|      SLOW  |         4.643(R)|      FAST  |clk_BUFGP         |   0.000|
display<0>  |        12.013(R)|      SLOW  |         4.876(R)|      FAST  |clk_BUFGP         |   0.000|
display<1>  |        12.285(R)|      SLOW  |         5.032(R)|      FAST  |clk_BUFGP         |   0.000|
display<2>  |        12.373(R)|      SLOW  |         5.070(R)|      FAST  |clk_BUFGP         |   0.000|
display<3>  |        11.841(R)|      SLOW  |         4.775(R)|      FAST  |clk_BUFGP         |   0.000|
display<4>  |        12.945(R)|      SLOW  |         5.505(R)|      FAST  |clk_BUFGP         |   0.000|
display<5>  |        13.032(R)|      SLOW  |         5.542(R)|      FAST  |clk_BUFGP         |   0.000|
display<6>  |        13.000(R)|      SLOW  |         5.513(R)|      FAST  |clk_BUFGP         |   0.000|
display<7>  |        12.231(R)|      SLOW  |         4.999(R)|      FAST  |clk_BUFGP         |   0.000|
display<8>  |        12.946(R)|      SLOW  |         5.480(R)|      FAST  |clk_BUFGP         |   0.000|
display<9>  |        12.478(R)|      SLOW  |         5.339(R)|      FAST  |clk_BUFGP         |   0.000|
display<10> |        12.142(R)|      SLOW  |         5.128(R)|      FAST  |clk_BUFGP         |   0.000|
display<11> |        12.248(R)|      SLOW  |         5.057(R)|      FAST  |clk_BUFGP         |   0.000|
display<12> |        11.920(R)|      SLOW  |         4.960(R)|      FAST  |clk_BUFGP         |   0.000|
display<13> |        12.118(R)|      SLOW  |         5.097(R)|      FAST  |clk_BUFGP         |   0.000|
display<14> |        12.539(R)|      SLOW  |         5.272(R)|      FAST  |clk_BUFGP         |   0.000|
------------+-----------------+------------+-----------------+------------+------------------+--------+

Clock to Setup on destination clock clk
---------------+---------+---------+---------+---------+
               | Src:Rise| Src:Fall| Src:Rise| Src:Fall|
Source Clock   |Dest:Rise|Dest:Rise|Dest:Fall|Dest:Fall|
---------------+---------+---------+---------+---------+
clk            |    3.916|         |         |         |
---------------+---------+---------+---------+---------+


Analysis completed Thu Apr 23 03:40:47 2015 
--------------------------------------------------------------------------------

Trace Settings:
-------------------------
Trace Settings 

Peak Memory Usage: 220 MB



