--------------------------------------------------------------------------------
Release 14.7 Trace  (nt)
Copyright (c) 1995-2013 Xilinx, Inc.  All rights reserved.

C:\Xilinx\14.7\ISE_DS\ISE\bin\nt\unwrapped\trce.exe -intstyle ise -v 3 -s 3 -n
3 -fastpaths -xml BCD_30_Down_Counter.twx BCD_30_Down_Counter.ncd -o
BCD_30_Down_Counter.twr BCD_30_Down_Counter.pcf -ucf BCD_30_Down_Counter.ucf

Design file:              BCD_30_Down_Counter.ncd
Physical constraint file: BCD_30_Down_Counter.pcf
Device,package,speed:     xc6slx16,csg324,C,-3 (PRODUCTION 1.23 2013-10-13)
Report level:             verbose report

Environment Variable      Effect 
--------------------      ------ 
NONE                      No environment variables were set
--------------------------------------------------------------------------------

INFO:Timing:2698 - No timing constraints found, doing default enumeration.
INFO:Timing:3412 - To improve timing, see the Timing Closure User Guide (UG612).
INFO:Timing:2752 - To get complete path coverage, use the unconstrained paths 
   option. All paths that are not constrained will be reported in the 
   unconstrained paths section(s) of the report.
INFO:Timing:3339 - The clock-to-out numbers in this timing report are based on 
   a 50 Ohm transmission line loading model.  For the details of this model, 
   and for more information on accounting for different loading conditions, 
   please see the device datasheet.



Data Sheet report:
-----------------
All values displayed in nanoseconds (ns)

Setup/Hold to clock clk
------------+------------+------------+------------+------------+------------------+--------+
            |Max Setup to|  Process   |Max Hold to |  Process   |                  | Clock  |
Source      | clk (edge) |   Corner   | clk (edge) |   Corner   |Internal Clock(s) | Phase  |
------------+------------+------------+------------+------------+------------------+--------+
rst_n       |    2.164(R)|      SLOW  |   -0.626(R)|      SLOW  |clk_BUFGP         |   0.000|
------------+------------+------------+------------+------------+------------------+--------+

Clock clk to Pad
------------+-----------------+------------+-----------------+------------+------------------+--------+
            |Max (slowest) clk|  Process   |Min (fastest) clk|  Process   |                  | Clock  |
Destination |  (edge) to PAD  |   Corner   |  (edge) to PAD  |   Corner   |Internal Clock(s) | Phase  |
------------+-----------------+------------+-----------------+------------+------------------+--------+
control<0>  |         8.197(R)|      SLOW  |         4.372(R)|      FAST  |clk_BUFGP         |   0.000|
control<1>  |         8.550(R)|      SLOW  |         4.511(R)|      FAST  |clk_BUFGP         |   0.000|
display<7>  |         9.306(R)|      SLOW  |         4.243(R)|      FAST  |clk_BUFGP         |   0.000|
display<8>  |         9.997(R)|      SLOW  |         4.697(R)|      FAST  |clk_BUFGP         |   0.000|
display<9>  |         9.586(R)|      SLOW  |         4.358(R)|      FAST  |clk_BUFGP         |   0.000|
display<10> |         9.840(R)|      SLOW  |         4.582(R)|      FAST  |clk_BUFGP         |   0.000|
display<11> |         9.133(R)|      SLOW  |         4.184(R)|      FAST  |clk_BUFGP         |   0.000|
display<12> |         9.387(R)|      SLOW  |         4.393(R)|      FAST  |clk_BUFGP         |   0.000|
display<13> |         9.458(R)|      SLOW  |         4.473(R)|      FAST  |clk_BUFGP         |   0.000|
display<14> |         9.531(R)|      SLOW  |         4.420(R)|      FAST  |clk_BUFGP         |   0.000|
------------+-----------------+------------+-----------------+------------+------------------+--------+

Clock to Setup on destination clock clk
---------------+---------+---------+---------+---------+
               | Src:Rise| Src:Fall| Src:Rise| Src:Fall|
Source Clock   |Dest:Rise|Dest:Rise|Dest:Fall|Dest:Fall|
---------------+---------+---------+---------+---------+
clk            |    1.835|         |         |         |
---------------+---------+---------+---------+---------+


Analysis completed Thu Mar 26 18:48:10 2015 
--------------------------------------------------------------------------------

Trace Settings:
-------------------------
Trace Settings 

Peak Memory Usage: 148 MB



