Command line:
   speaker_ctl_isim_beh.exe
     -simmode  gui
     -simrunnum  0
     -socket  65085

Wed May 20 19:44:50 2015


 Elaboration Time: 0.078001 sec

 Current Memory Usage: 666.661 Meg

 Total Signals          : 19
 Total Nets             : 52
 Total Signal Drivers   : 10
 Total Blocks           : 2
 Total Primitive Blocks : 2
 Total Processes        : 14
 Total Traceable Variables  : 24
 Total Scalar Nets and Variables : 151
Total Line Count : 56

 Total Simulation Time: 0.109201 sec

 Current Memory Usage: 666.661 Meg

Wed May 20 19:44:54 2015

