--------------------------------------------------------------------------------
Release 14.7 Trace  (nt64)
Copyright (c) 1995-2013 Xilinx, Inc.  All rights reserved.

E:\Xilinx\14.7\ISE_DS\ISE\bin\nt64\unwrapped\trce.exe -intstyle ise -v 3 -s 3
-n 3 -fastpaths -xml BCD.twx BCD.ncd -o BCD.twr BCD.pcf -ucf BCD.ucf

Design file:              BCD.ncd
Physical constraint file: BCD.pcf
Device,package,speed:     xc6slx16,csg324,C,-3 (PRODUCTION 1.23 2013-10-13)
Report level:             verbose report

Environment Variable      Effect 
--------------------      ------ 
NONE                      No environment variables were set
--------------------------------------------------------------------------------

INFO:Timing:2698 - No timing constraints found, doing default enumeration.
INFO:Timing:3412 - To improve timing, see the Timing Closure User Guide (UG612).
INFO:Timing:2752 - To get complete path coverage, use the unconstrained paths 
   option. All paths that are not constrained will be reported in the 
   unconstrained paths section(s) of the report.
INFO:Timing:3339 - The clock-to-out numbers in this timing report are based on 
   a 50 Ohm transmission line loading model.  For the details of this model, 
   and for more information on accounting for different loading conditions, 
   please see the device datasheet.



Data Sheet report:
-----------------
All values displayed in nanoseconds (ns)

Pad to Pad
---------------+---------------+---------+
Source Pad     |Destination Pad|  Delay  |
---------------+---------------+---------+
bcd<0>         |display<2>     |    7.645|
bcd<0>         |display<5>     |    7.506|
bcd<0>         |display<7>     |    7.669|
bcd<0>         |display<8>     |    7.585|
bcd<0>         |display<9>     |    7.179|
bcd<0>         |display<10>    |    7.907|
bcd<0>         |display<11>    |    7.596|
bcd<0>         |display<12>    |    7.362|
bcd<0>         |display<13>    |    7.180|
bcd<0>         |display<14>    |    7.136|
bcd<0>         |led<0>         |    8.005|
bcd<1>         |display<2>     |    7.385|
bcd<1>         |display<5>     |    7.246|
bcd<1>         |display<7>     |    7.409|
bcd<1>         |display<8>     |    7.325|
bcd<1>         |display<9>     |    7.103|
bcd<1>         |display<10>    |    8.019|
bcd<1>         |display<11>    |    7.514|
bcd<1>         |display<12>    |    7.049|
bcd<1>         |display<13>    |    7.292|
bcd<1>         |display<14>    |    7.054|
bcd<1>         |led<0>         |    7.692|
bcd<1>         |led<1>         |    8.385|
bcd<1>         |led<2>         |    9.027|
bcd<2>         |display<2>     |    7.229|
bcd<2>         |display<5>     |    7.090|
bcd<2>         |display<7>     |    7.253|
bcd<2>         |display<8>     |    7.169|
bcd<2>         |display<9>     |    6.963|
bcd<2>         |display<10>    |    7.626|
bcd<2>         |display<11>    |    7.549|
bcd<2>         |display<12>    |    7.260|
bcd<2>         |display<13>    |    6.899|
bcd<2>         |display<14>    |    7.089|
bcd<2>         |led<0>         |    7.903|
bcd<2>         |led<1>         |    8.067|
bcd<2>         |led<2>         |    8.709|
bcd<3>         |display<2>     |    7.179|
bcd<3>         |display<5>     |    7.040|
bcd<3>         |display<7>     |    7.203|
bcd<3>         |display<8>     |    7.119|
bcd<3>         |display<9>     |    6.888|
bcd<3>         |display<10>    |    7.409|
bcd<3>         |display<11>    |    7.356|
bcd<3>         |display<12>    |    7.353|
bcd<3>         |display<13>    |    6.682|
bcd<3>         |display<14>    |    6.896|
bcd<3>         |led<0>         |    7.996|
bcd<3>         |led<1>         |    8.370|
bcd<3>         |led<2>         |    9.012|
bcd<3>         |led<3>         |    8.638|
---------------+---------------+---------+


Analysis completed Mon Mar 16 22:45:58 2015 
--------------------------------------------------------------------------------

Trace Settings:
-------------------------
Trace Settings 

Peak Memory Usage: 235 MB



