--------------------------------------------------------------------------------
Release 14.7 Trace  (nt)
Copyright (c) 1995-2013 Xilinx, Inc.  All rights reserved.

C:\Xilinx\14.7\ISE_DS\ISE\bin\nt\unwrapped\trce.exe -intstyle ise -v 3 -s 3 -n
3 -fastpaths -xml BCD.twx BCD.ncd -o BCD.twr BCD.pcf -ucf BCD.ucf

Design file:              BCD.ncd
Physical constraint file: BCD.pcf
Device,package,speed:     xc6slx16,csg324,C,-3 (PRODUCTION 1.23 2013-10-13)
Report level:             verbose report

Environment Variable      Effect 
--------------------      ------ 
NONE                      No environment variables were set
--------------------------------------------------------------------------------

INFO:Timing:2698 - No timing constraints found, doing default enumeration.
INFO:Timing:3412 - To improve timing, see the Timing Closure User Guide (UG612).
INFO:Timing:2752 - To get complete path coverage, use the unconstrained paths 
   option. All paths that are not constrained will be reported in the 
   unconstrained paths section(s) of the report.
INFO:Timing:3339 - The clock-to-out numbers in this timing report are based on 
   a 50 Ohm transmission line loading model.  For the details of this model, 
   and for more information on accounting for different loading conditions, 
   please see the device datasheet.



Data Sheet report:
-----------------
All values displayed in nanoseconds (ns)

Pad to Pad
---------------+---------------+---------+
Source Pad     |Destination Pad|  Delay  |
---------------+---------------+---------+
bcd<0>         |display<2>     |    7.497|
bcd<0>         |display<5>     |    7.435|
bcd<0>         |display<7>     |    7.523|
bcd<0>         |display<8>     |    7.291|
bcd<0>         |display<9>     |    7.495|
bcd<0>         |display<10>    |    7.685|
bcd<0>         |display<11>    |    7.486|
bcd<0>         |display<12>    |    7.199|
bcd<0>         |display<13>    |    6.958|
bcd<0>         |display<14>    |    7.325|
bcd<0>         |led<0>         |    6.773|
bcd<1>         |display<2>     |    7.420|
bcd<1>         |display<5>     |    7.358|
bcd<1>         |display<7>     |    7.446|
bcd<1>         |display<8>     |    7.214|
bcd<1>         |display<9>     |    7.158|
bcd<1>         |display<10>    |    8.144|
bcd<1>         |display<11>    |    7.900|
bcd<1>         |display<12>    |    7.613|
bcd<1>         |display<13>    |    7.417|
bcd<1>         |display<14>    |    6.988|
bcd<1>         |led<1>         |    6.986|
bcd<2>         |display<2>     |    7.287|
bcd<2>         |display<5>     |    7.225|
bcd<2>         |display<7>     |    7.313|
bcd<2>         |display<8>     |    7.081|
bcd<2>         |display<9>     |    7.345|
bcd<2>         |display<10>    |    7.697|
bcd<2>         |display<11>    |    7.609|
bcd<2>         |display<12>    |    7.322|
bcd<2>         |display<13>    |    6.970|
bcd<2>         |display<14>    |    7.175|
bcd<2>         |led<2>         |    7.773|
bcd<3>         |display<2>     |    7.279|
bcd<3>         |display<5>     |    7.217|
bcd<3>         |display<7>     |    7.305|
bcd<3>         |display<8>     |    7.073|
bcd<3>         |display<9>     |    7.074|
bcd<3>         |display<10>    |    7.676|
bcd<3>         |display<11>    |    7.139|
bcd<3>         |display<12>    |    6.852|
bcd<3>         |display<13>    |    6.949|
bcd<3>         |display<14>    |    6.904|
bcd<3>         |led<3>         |    7.867|
---------------+---------------+---------+


Analysis completed Thu Mar 19 17:35:16 2015 
--------------------------------------------------------------------------------

Trace Settings:
-------------------------
Trace Settings 

Peak Memory Usage: 147 MB



