Command line:
   freq_div_isim_beh.exe
     -simmode  gui
     -simrunnum  0
     -socket  61704

Wed Apr 01 00:40:30 2015


 Elaboration Time: 0.0936 sec

 Current Memory Usage: 666.661 Meg

 Total Signals          : 15
 Total Nets             : 16
 Total Signal Drivers   : 6
 Total Blocks           : 2
 Total Primitive Blocks : 2
 Total Processes        : 9
 Total Traceable Variables  : 21
 Total Scalar Nets and Variables : 146
Total Line Count : 19

 Total Simulation Time: 0.0936 sec

 Current Memory Usage: 666.661 Meg

Wed Apr 01 00:40:34 2015

