#-----------------------------------------------------------
# PlanAhead v14.7 (64-bit)
# Build 321239 by xbuild on Fri Sep 27 19:29:51 MDT 2013
# Start of session at: Mon Mar 16 22:24:08 2015
# Process ID: 7408
# Log file: C:/Users/An-Ting/OneDrive/LogicDesignLab/Lab2/Lab2-2/planAhead_run_3/planAhead.log
# Journal file: C:/Users/An-Ting/OneDrive/LogicDesignLab/Lab2/Lab2-2/planAhead_run_3/planAhead.jou
#-----------------------------------------------------------
INFO: [Common 17-78] Attempting to get a license: PlanAhead
INFO: [Common 17-290] Got license for PlanAhead
INFO: [Device 21-36] Loading parts and site information from E:/Xilinx/14.7/ISE_DS/PlanAhead/data/parts/arch.xml
Parsing RTL primitives file [E:/Xilinx/14.7/ISE_DS/PlanAhead/data/parts/xilinx/rtl/prims/rtl_prims.xml]
Finished parsing RTL primitives file [E:/Xilinx/14.7/ISE_DS/PlanAhead/data/parts/xilinx/rtl/prims/rtl_prims.xml]
start_gui
source C:/Users/An-Ting/OneDrive/LogicDesignLab/Lab2/Lab2-2/pa.fromHdl.tcl
# create_project -name Lab2-2 -dir "C:/Users/An-Ting/OneDrive/LogicDesignLab/Lab2/Lab2-2/planAhead_run_3" -part xc6slx16csg324-3
ERROR: [Common 17-53] User Exception: Project already exists on disk, please use '-force' option to overwrite: 
     C:/Users/An-Ting/OneDrive/LogicDesignLab/Lab2/Lab2-2/planAhead_run_3/Lab2-2.ppr
     C:/Users/An-Ting/OneDrive/LogicDesignLab/Lab2/Lab2-2/planAhead_run_3/Lab2-2.data

    while executing
"create_project -name Lab2-2 -dir "C:/Users/An-Ting/OneDrive/LogicDesignLab/Lab2/Lab2-2/planAhead_run_3" -part xc6slx16csg324-3"
    (file "C:/Users/An-Ting/OneDrive/LogicDesignLab/Lab2/Lab2-2/pa.fromHdl.tcl" line 4)
exit
INFO: [Common 17-206] Exiting PlanAhead at Mon Mar 16 22:24:53 2015...
INFO: [Common 17-83] Releasing license: PlanAhead
