--------------------------------------------------------------------------------
Release 14.7 Trace  (nt64)
Copyright (c) 1995-2013 Xilinx, Inc.  All rights reserved.

E:\Xilinx\14.7\ISE_DS\ISE\bin\nt64\unwrapped\trce.exe -intstyle ise -v 3 -s 3
-n 3 -fastpaths -xml BCD_Up_Counter_1sec.twx BCD_Up_Counter_1sec.ncd -o
BCD_Up_Counter_1sec.twr BCD_Up_Counter_1sec.pcf -ucf BCD_Up_Counter_1sec.ucf

Design file:              BCD_Up_Counter_1sec.ncd
Physical constraint file: BCD_Up_Counter_1sec.pcf
Device,package,speed:     xc6slx16,csg324,C,-3 (PRODUCTION 1.23 2013-10-13)
Report level:             verbose report

Environment Variable      Effect 
--------------------      ------ 
NONE                      No environment variables were set
--------------------------------------------------------------------------------

INFO:Timing:2698 - No timing constraints found, doing default enumeration.
INFO:Timing:3412 - To improve timing, see the Timing Closure User Guide (UG612).
INFO:Timing:2752 - To get complete path coverage, use the unconstrained paths 
   option. All paths that are not constrained will be reported in the 
   unconstrained paths section(s) of the report.
INFO:Timing:3339 - The clock-to-out numbers in this timing report are based on 
   a 50 Ohm transmission line loading model.  For the details of this model, 
   and for more information on accounting for different loading conditions, 
   please see the device datasheet.



Data Sheet report:
-----------------
All values displayed in nanoseconds (ns)

Setup/Hold to clock clk
------------+------------+------------+------------+------------+------------------+--------+
            |Max Setup to|  Process   |Max Hold to |  Process   |                  | Clock  |
Source      | clk (edge) |   Corner   | clk (edge) |   Corner   |Internal Clock(s) | Phase  |
------------+------------+------------+------------+------------+------------------+--------+
rst_n       |    2.963(R)|      SLOW  |   -1.523(R)|      FAST  |clk_BUFGP         |   0.000|
------------+------------+------------+------------+------------+------------------+--------+

Clock clk to Pad
------------+-----------------+------------+-----------------+------------+------------------+--------+
            |Max (slowest) clk|  Process   |Min (fastest) clk|  Process   |                  | Clock  |
Destination |  (edge) to PAD  |   Corner   |  (edge) to PAD  |   Corner   |Internal Clock(s) | Phase  |
------------+-----------------+------------+-----------------+------------+------------------+--------+
control<0>  |         7.885(R)|      SLOW  |         4.193(R)|      FAST  |clk_BUFGP         |   0.000|
control<1>  |         8.688(R)|      SLOW  |         4.648(R)|      FAST  |clk_BUFGP         |   0.000|
display<7>  |         8.950(R)|      SLOW  |         4.353(R)|      FAST  |clk_BUFGP         |   0.000|
display<8>  |         9.363(R)|      SLOW  |         4.669(R)|      FAST  |clk_BUFGP         |   0.000|
display<9>  |         9.421(R)|      SLOW  |         4.946(R)|      FAST  |clk_BUFGP         |   0.000|
display<10> |         9.277(R)|      SLOW  |         4.307(R)|      FAST  |clk_BUFGP         |   0.000|
display<11> |         9.738(R)|      SLOW  |         4.735(R)|      FAST  |clk_BUFGP         |   0.000|
display<12> |         8.559(R)|      SLOW  |         4.197(R)|      FAST  |clk_BUFGP         |   0.000|
display<13> |         9.269(R)|      SLOW  |         4.508(R)|      FAST  |clk_BUFGP         |   0.000|
display<14> |         9.321(R)|      SLOW  |         4.418(R)|      FAST  |clk_BUFGP         |   0.000|
------------+-----------------+------------+-----------------+------------+------------------+--------+

Clock to Setup on destination clock clk
---------------+---------+---------+---------+---------+
               | Src:Rise| Src:Fall| Src:Rise| Src:Fall|
Source Clock   |Dest:Rise|Dest:Rise|Dest:Fall|Dest:Fall|
---------------+---------+---------+---------+---------+
clk            |    1.728|         |         |         |
---------------+---------+---------+---------+---------+


Analysis completed Mon Mar 23 21:21:27 2015 
--------------------------------------------------------------------------------

Trace Settings:
-------------------------
Trace Settings 

Peak Memory Usage: 237 MB



