INFO:sim:172 - Generating IP...
Resolving generics for 'ROM'...
Applying external generics to 'ROM'...
Delivering associated files for 'ROM'...
Delivering EJava files for 'ROM'...
Generating implementation netlist for 'ROM'...
INFO:sim - Pre-processing HDL files for 'ROM'...
Running synthesis for 'ROM'
Running ngcbuild...
Writing VEO instantiation template for 'ROM'...
Writing Verilog behavioral simulation model for 'ROM'...
WARNING:sim - Overwriting existing file
   C:/Users/Andy/Desktop/Working/brainwars_secondary/ipcore_dir/tmp/_cg/ROM/doc/
   blk_mem_gen_v7_3_vinfo.html with file from view xilinx_documentation
Delivered 1 file into directory
C:/Users/Andy/Desktop/Working/brainwars_secondary/ipcore_dir/tmp/_cg/ROM
Generating ASY schematic symbol...
INFO:sim:949 - Finished generation of ASY schematic symbol.
Generating SYM schematic symbol for 'ROM'...
Generating metadata file...
Generating ISE project file for 'ROM'...
Generating ISE project...
XCO file found: ROM.xco
XMDF file found: ROM_xmdf.tcl
Adding
C:/Users/Andy/Desktop/Working/brainwars_secondary/ipcore_dir/tmp/_cg/ROM.asy
-view all -origin_type imported
Adding
C:/Users/Andy/Desktop/Working/brainwars_secondary/ipcore_dir/tmp/_cg/ROM.ngc
-view all -origin_type created
Checking file
"C:/Users/Andy/Desktop/Working/brainwars_secondary/ipcore_dir/tmp/_cg/ROM.ngc"
for project device match ...
File
"C:/Users/Andy/Desktop/Working/brainwars_secondary/ipcore_dir/tmp/_cg/ROM.ngc"
device information matches project device.
Adding
C:/Users/Andy/Desktop/Working/brainwars_secondary/ipcore_dir/tmp/_cg/ROM.sym
-view all -origin_type imported
Adding
C:/Users/Andy/Desktop/Working/brainwars_secondary/ipcore_dir/tmp/_cg/ROM.v -view
all -origin_type created
INFO:HDLCompiler:1845 - Analyzing Verilog file
   "C:/Users/Andy/Desktop/Working/brainwars_secondary/ipcore_dir/tmp/_cg/ROM.v"
   into library work
INFO:ProjectMgmt - Parsing design hierarchy completed successfully.
Adding
C:/Users/Andy/Desktop/Working/brainwars_secondary/ipcore_dir/tmp/_cg/ROM.veo
-view all -origin_type imported
INFO:TclTasksC:2116 - The automatic calculation of top has been turned-off.
   Please set the new top explicitly by running the "project set top" command.
   To re-calculate the new top automatically, set the "Auto Implementation Top"
   property to true.
Top level has been set to "/ROM"
Generating README file...
Generating FLIST file...
INFO:sim:948 - Finished FLIST file generation.
Launching README viewer...
Moving files to output directory...
Finished moving files to output directory
Wrote CGP file for project 'ROM'.
