--------------------------------------------------------------------------------
Release 14.7 Trace  (nt64)
Copyright (c) 1995-2013 Xilinx, Inc.  All rights reserved.

D:\Xilinx\14.7\ISE_DS\ISE\bin\nt64\unwrapped\trce.exe -intstyle ise -v 3 -s 3
-n 3 -fastpaths -xml electronic_clock.twx electronic_clock.ncd -o
electronic_clock.twr electronic_clock.pcf -ucf electronic_clock.ucf

Design file:              electronic_clock.ncd
Physical constraint file: electronic_clock.pcf
Device,package,speed:     xc6slx16,csg324,C,-3 (PRODUCTION 1.23 2013-10-13)
Report level:             verbose report

Environment Variable      Effect 
--------------------      ------ 
NONE                      No environment variables were set
--------------------------------------------------------------------------------

INFO:Timing:2698 - No timing constraints found, doing default enumeration.
INFO:Timing:3412 - To improve timing, see the Timing Closure User Guide (UG612).
INFO:Timing:2752 - To get complete path coverage, use the unconstrained paths 
   option. All paths that are not constrained will be reported in the 
   unconstrained paths section(s) of the report.
INFO:Timing:3339 - The clock-to-out numbers in this timing report are based on 
   a 50 Ohm transmission line loading model.  For the details of this model, 
   and for more information on accounting for different loading conditions, 
   please see the device datasheet.



Data Sheet report:
-----------------
All values displayed in nanoseconds (ns)

Setup/Hold to clock clk
------------+------------+------------+------------+------------+------------------+--------+
            |Max Setup to|  Process   |Max Hold to |  Process   |                  | Clock  |
Source      | clk (edge) |   Corner   | clk (edge) |   Corner   |Internal Clock(s) | Phase  |
------------+------------+------------+------------+------------+------------------+--------+
rst_n       |    4.815(R)|      SLOW  |   -1.313(R)|      FAST  |clk_BUFGP         |   0.000|
------------+------------+------------+------------+------------+------------------+--------+

Clock clk to Pad
------------+-----------------+------------+-----------------+------------+------------------+--------+
            |Max (slowest) clk|  Process   |Min (fastest) clk|  Process   |                  | Clock  |
Destination |  (edge) to PAD  |   Corner   |  (edge) to PAD  |   Corner   |Internal Clock(s) | Phase  |
------------+-----------------+------------+-----------------+------------+------------------+--------+
control<0>  |         8.028(R)|      SLOW  |         4.163(R)|      FAST  |clk_BUFGP         |   0.000|
control<1>  |         8.115(R)|      SLOW  |         4.209(R)|      FAST  |clk_BUFGP         |   0.000|
control<2>  |         8.436(R)|      SLOW  |         4.334(R)|      FAST  |clk_BUFGP         |   0.000|
control<3>  |         8.511(R)|      SLOW  |         4.386(R)|      FAST  |clk_BUFGP         |   0.000|
display<0>  |        10.584(R)|      SLOW  |         4.701(R)|      FAST  |clk_BUFGP         |   0.000|
display<4>  |        10.788(R)|      SLOW  |         5.230(R)|      FAST  |clk_BUFGP         |   0.000|
display<6>  |        10.764(R)|      SLOW  |         5.194(R)|      FAST  |clk_BUFGP         |   0.000|
display<7>  |        11.686(R)|      SLOW  |         5.792(R)|      FAST  |clk_BUFGP         |   0.000|
display<8>  |        11.004(R)|      SLOW  |         5.365(R)|      FAST  |clk_BUFGP         |   0.000|
display<9>  |        11.183(R)|      SLOW  |         5.278(R)|      FAST  |clk_BUFGP         |   0.000|
display<10> |        11.025(R)|      SLOW  |         5.222(R)|      FAST  |clk_BUFGP         |   0.000|
display<11> |        10.960(R)|      SLOW  |         5.019(R)|      FAST  |clk_BUFGP         |   0.000|
display<12> |        10.776(R)|      SLOW  |         4.922(R)|      FAST  |clk_BUFGP         |   0.000|
display<13> |        10.746(R)|      SLOW  |         5.012(R)|      FAST  |clk_BUFGP         |   0.000|
display<14> |        11.179(R)|      SLOW  |         5.267(R)|      FAST  |clk_BUFGP         |   0.000|
------------+-----------------+------------+-----------------+------------+------------------+--------+

Clock to Setup on destination clock clk
---------------+---------+---------+---------+---------+
               | Src:Rise| Src:Fall| Src:Rise| Src:Fall|
Source Clock   |Dest:Rise|Dest:Rise|Dest:Fall|Dest:Fall|
---------------+---------+---------+---------+---------+
clk            |    3.578|         |         |         |
---------------+---------+---------+---------+---------+


Analysis completed Wed May 06 23:33:34 2015 
--------------------------------------------------------------------------------

Trace Settings:
-------------------------
Trace Settings 

Peak Memory Usage: 219 MB



