--------------------------------------------------------------------------------
Release 14.7 Trace  (nt)
Copyright (c) 1995-2013 Xilinx, Inc.  All rights reserved.

C:\Xilinx\14.7\ISE_DS\ISE\bin\nt\unwrapped\trce.exe -intstyle ise -v 3 -s 3 -n
3 -fastpaths -xml electronic_organ.twx electronic_organ.ncd -o
electronic_organ.twr electronic_organ.pcf -ucf electronic_organ.ucf

Design file:              electronic_organ.ncd
Physical constraint file: electronic_organ.pcf
Device,package,speed:     xc6slx16,csg324,C,-3 (PRODUCTION 1.23 2013-10-13)
Report level:             verbose report

Environment Variable      Effect 
--------------------      ------ 
NONE                      No environment variables were set
--------------------------------------------------------------------------------

INFO:Timing:2698 - No timing constraints found, doing default enumeration.
INFO:Timing:3412 - To improve timing, see the Timing Closure User Guide (UG612).
INFO:Timing:2752 - To get complete path coverage, use the unconstrained paths 
   option. All paths that are not constrained will be reported in the 
   unconstrained paths section(s) of the report.
INFO:Timing:3339 - The clock-to-out numbers in this timing report are based on 
   a 50 Ohm transmission line loading model.  For the details of this model, 
   and for more information on accounting for different loading conditions, 
   please see the device datasheet.



Data Sheet report:
-----------------
All values displayed in nanoseconds (ns)

Setup/Hold to clock clk
------------+------------+------------+------------+------------+------------------+--------+
            |Max Setup to|  Process   |Max Hold to |  Process   |                  | Clock  |
Source      | clk (edge) |   Corner   | clk (edge) |   Corner   |Internal Clock(s) | Phase  |
------------+------------+------------+------------+------------+------------------+--------+
rst_n       |    6.325(R)|      SLOW  |   -0.414(R)|      SLOW  |clk_IBUF_BUFG     |   0.000|
------------+------------+------------+------------+------------+------------------+--------+

Clock clk to Pad
------------+-----------------+------------+-----------------+------------+------------------+--------+
            |Max (slowest) clk|  Process   |Min (fastest) clk|  Process   |                  | Clock  |
Destination |  (edge) to PAD  |   Corner   |  (edge) to PAD  |   Corner   |Internal Clock(s) | Phase  |
------------+-----------------+------------+-----------------+------------+------------------+--------+
audio_bck   |         7.452(R)|      SLOW  |         3.947(R)|      FAST  |clk_IBUF_BUFG     |   0.000|
audio_data  |         8.053(R)|      SLOW  |         4.045(R)|      FAST  |clk_IBUF_BUFG     |   0.000|
audio_ws    |         7.228(R)|      SLOW  |         3.815(R)|      FAST  |clk_IBUF_BUFG     |   0.000|
control<0>  |         8.675(R)|      SLOW  |         4.786(R)|      FAST  |clk_IBUF_BUFG     |   0.000|
control<1>  |         9.229(R)|      SLOW  |         5.058(R)|      FAST  |clk_IBUF_BUFG     |   0.000|
display<0>  |        10.479(R)|      SLOW  |         4.673(R)|      FAST  |clk_IBUF_BUFG     |   0.000|
display<1>  |        10.709(R)|      SLOW  |         4.713(R)|      FAST  |clk_IBUF_BUFG     |   0.000|
display<2>  |        10.606(R)|      SLOW  |         4.713(R)|      FAST  |clk_IBUF_BUFG     |   0.000|
display<3>  |        10.784(R)|      SLOW  |         4.799(R)|      FAST  |clk_IBUF_BUFG     |   0.000|
display<4>  |         9.423(R)|      SLOW  |         4.537(R)|      FAST  |clk_IBUF_BUFG     |   0.000|
display<5>  |         9.622(R)|      SLOW  |         4.600(R)|      FAST  |clk_IBUF_BUFG     |   0.000|
display<6>  |         9.547(R)|      SLOW  |         4.407(R)|      FAST  |clk_IBUF_BUFG     |   0.000|
display<7>  |        10.435(R)|      SLOW  |         4.804(R)|      FAST  |clk_IBUF_BUFG     |   0.000|
display<8>  |         9.610(R)|      SLOW  |         4.777(R)|      FAST  |clk_IBUF_BUFG     |   0.000|
display<9>  |         9.245(R)|      SLOW  |         4.566(R)|      FAST  |clk_IBUF_BUFG     |   0.000|
display<10> |        10.920(R)|      SLOW  |         4.790(R)|      FAST  |clk_IBUF_BUFG     |   0.000|
display<11> |        10.136(R)|      SLOW  |         4.522(R)|      FAST  |clk_IBUF_BUFG     |   0.000|
display<12> |         9.931(R)|      SLOW  |         4.590(R)|      FAST  |clk_IBUF_BUFG     |   0.000|
display<13> |         9.428(R)|      SLOW  |         4.512(R)|      FAST  |clk_IBUF_BUFG     |   0.000|
display<14> |         9.772(R)|      SLOW  |         4.608(R)|      FAST  |clk_IBUF_BUFG     |   0.000|
------------+-----------------+------------+-----------------+------------+------------------+--------+

Clock to Setup on destination clock clk
---------------+---------+---------+---------+---------+
               | Src:Rise| Src:Fall| Src:Rise| Src:Fall|
Source Clock   |Dest:Rise|Dest:Rise|Dest:Fall|Dest:Fall|
---------------+---------+---------+---------+---------+
clk            |    5.407|         |         |         |
---------------+---------+---------+---------+---------+

Pad to Pad
---------------+---------------+---------+
Source Pad     |Destination Pad|  Delay  |
---------------+---------------+---------+
clk            |audio_sysclk   |    7.915|
rst_n          |display<0>     |    8.955|
rst_n          |display<1>     |    9.399|
rst_n          |display<2>     |    9.261|
rst_n          |display<3>     |    9.419|
rst_n          |display<4>     |    8.123|
rst_n          |display<5>     |    8.232|
rst_n          |display<6>     |    8.076|
rst_n          |display<7>     |    9.548|
rst_n          |display<8>     |    8.553|
rst_n          |display<9>     |    8.184|
rst_n          |display<10>    |    9.417|
rst_n          |display<11>    |    8.944|
rst_n          |display<12>    |    8.950|
rst_n          |display<13>    |    8.549|
rst_n          |display<14>    |    8.301|
---------------+---------------+---------+


Analysis completed Thu May 28 16:12:11 2015 
--------------------------------------------------------------------------------

Trace Settings:
-------------------------
Trace Settings 

Peak Memory Usage: 149 MB



