--------------------------------------------------------------------------------
Release 14.7 Trace  (nt64)
Copyright (c) 1995-2013 Xilinx, Inc.  All rights reserved.

D:\Xilinx\14.7\ISE_DS\ISE\bin\nt64\unwrapped\trce.exe -intstyle ise -v 3 -s 3
-n 3 -fastpaths -xml autoplay_music.twx autoplay_music.ncd -o
autoplay_music.twr autoplay_music.pcf -ucf autoplay_music.ucf

Design file:              autoplay_music.ncd
Physical constraint file: autoplay_music.pcf
Device,package,speed:     xc6slx16,csg324,C,-3 (PRODUCTION 1.23 2013-10-13)
Report level:             verbose report

Environment Variable      Effect 
--------------------      ------ 
NONE                      No environment variables were set
--------------------------------------------------------------------------------

INFO:Timing:2698 - No timing constraints found, doing default enumeration.
INFO:Timing:3412 - To improve timing, see the Timing Closure User Guide (UG612).
INFO:Timing:2752 - To get complete path coverage, use the unconstrained paths 
   option. All paths that are not constrained will be reported in the 
   unconstrained paths section(s) of the report.
INFO:Timing:3339 - The clock-to-out numbers in this timing report are based on 
   a 50 Ohm transmission line loading model.  For the details of this model, 
   and for more information on accounting for different loading conditions, 
   please see the device datasheet.



Data Sheet report:
-----------------
All values displayed in nanoseconds (ns)

Setup/Hold to clock clk
------------+------------+------------+------------+------------+------------------+--------+
            |Max Setup to|  Process   |Max Hold to |  Process   |                  | Clock  |
Source      | clk (edge) |   Corner   | clk (edge) |   Corner   |Internal Clock(s) | Phase  |
------------+------------+------------+------------+------------+------------------+--------+
rst_n       |    4.702(R)|      SLOW  |   -0.711(R)|      SLOW  |clk_IBUF_BUFG     |   0.000|
------------+------------+------------+------------+------------+------------------+--------+

Clock clk to Pad
------------+-----------------+------------+-----------------+------------+------------------+--------+
            |Max (slowest) clk|  Process   |Min (fastest) clk|  Process   |                  | Clock  |
Destination |  (edge) to PAD  |   Corner   |  (edge) to PAD  |   Corner   |Internal Clock(s) | Phase  |
------------+-----------------+------------+-----------------+------------+------------------+--------+
audio_bck   |         7.151(R)|      SLOW  |         3.731(R)|      FAST  |clk_IBUF_BUFG     |   0.000|
audio_data  |         7.842(R)|      SLOW  |         4.014(R)|      FAST  |clk_IBUF_BUFG     |   0.000|
audio_ws    |         7.187(R)|      SLOW  |         3.782(R)|      FAST  |clk_IBUF_BUFG     |   0.000|
control<0>  |         8.508(R)|      SLOW  |         4.569(R)|      FAST  |clk_IBUF_BUFG     |   0.000|
control<1>  |         9.086(R)|      SLOW  |         4.893(R)|      FAST  |clk_IBUF_BUFG     |   0.000|
display<0>  |         9.577(R)|      SLOW  |         4.941(R)|      FAST  |clk_IBUF_BUFG     |   0.000|
display<1>  |         9.326(R)|      SLOW  |         4.846(R)|      FAST  |clk_IBUF_BUFG     |   0.000|
display<2>  |         9.580(R)|      SLOW  |         4.761(R)|      FAST  |clk_IBUF_BUFG     |   0.000|
display<3>  |         9.834(R)|      SLOW  |         4.858(R)|      FAST  |clk_IBUF_BUFG     |   0.000|
display<4>  |        10.092(R)|      SLOW  |         5.241(R)|      FAST  |clk_IBUF_BUFG     |   0.000|
display<5>  |         9.879(R)|      SLOW  |         4.833(R)|      FAST  |clk_IBUF_BUFG     |   0.000|
display<6>  |         9.716(R)|      SLOW  |         4.877(R)|      FAST  |clk_IBUF_BUFG     |   0.000|
display<7>  |         9.684(R)|      SLOW  |         4.892(R)|      FAST  |clk_IBUF_BUFG     |   0.000|
display<8>  |        10.456(R)|      SLOW  |         5.414(R)|      FAST  |clk_IBUF_BUFG     |   0.000|
display<9>  |         9.875(R)|      SLOW  |         4.729(R)|      FAST  |clk_IBUF_BUFG     |   0.000|
display<10> |         9.757(R)|      SLOW  |         5.011(R)|      FAST  |clk_IBUF_BUFG     |   0.000|
display<11> |         9.425(R)|      SLOW  |         4.590(R)|      FAST  |clk_IBUF_BUFG     |   0.000|
display<12> |         9.751(R)|      SLOW  |         4.978(R)|      FAST  |clk_IBUF_BUFG     |   0.000|
display<13> |        10.269(R)|      SLOW  |         5.266(R)|      FAST  |clk_IBUF_BUFG     |   0.000|
display<14> |        10.260(R)|      SLOW  |         5.387(R)|      FAST  |clk_IBUF_BUFG     |   0.000|
------------+-----------------+------------+-----------------+------------+------------------+--------+

Clock to Setup on destination clock clk
---------------+---------+---------+---------+---------+
               | Src:Rise| Src:Fall| Src:Rise| Src:Fall|
Source Clock   |Dest:Rise|Dest:Rise|Dest:Fall|Dest:Fall|
---------------+---------+---------+---------+---------+
clk            |    4.473|         |         |         |
---------------+---------+---------+---------+---------+

Pad to Pad
---------------+---------------+---------+
Source Pad     |Destination Pad|  Delay  |
---------------+---------------+---------+
clk            |audio_sysclk   |    7.915|
---------------+---------------+---------+


Analysis completed Fri May 22 05:17:37 2015 
--------------------------------------------------------------------------------

Trace Settings:
-------------------------
Trace Settings 

Peak Memory Usage: 221 MB



