Command line:
   fulladder_isim_beh.exe
     -simmode  gui
     -simrunnum  0
     -socket  57064

Thu Mar 05 18:36:21 2015


 Elaboration Time: 0.046801 sec

 Current Memory Usage: 656.409 Meg

 Total Signals          : 29
 Total Nets             : 21
 Total Signal Drivers   : 10
 Total Blocks           : 4
 Total Primitive Blocks : 3
 Total Processes        : 11
 Total Traceable Variables  : 18
 Total Scalar Nets and Variables : 101
Total Line Count : 19

 Total Simulation Time: 0.046801 sec

 Current Memory Usage: 656.409 Meg

Thu Mar 05 18:36:41 2015

