Release 14.7 Map P.20131013 (nt64)
Xilinx Mapping Report File for Design 'brainwars_main'

Design Information
------------------
Command Line   : map -intstyle ise -p xc6slx16-csg324-3 -w -logic_opt off -ol
high -t 1 -xt 0 -register_duplication off -r 4 -global_opt off -mt off -ir off
-pr off -lc off -power off -o brainwars_main_map.ncd brainwars_main.ngd
brainwars_main.pcf 
Target Device  : xc6slx16
Target Package : csg324
Target Speed   : -3
Mapper Version : spartan6 -- $Revision: 1.55 $
Mapped Date    : Fri Jun 26 07:21:22 2015

Design Summary
--------------
Number of errors:      0
Number of warnings:    3
Slice Logic Utilization:
  Number of Slice Registers:                 3,888 out of  18,224   21%
    Number used as Flip Flops:               3,852
    Number used as Latches:                     36
    Number used as Latch-thrus:                  0
    Number used as AND/OR logics:                0
  Number of Slice LUTs:                      8,399 out of   9,112   92%
    Number used as logic:                    8,394 out of   9,112   92%
      Number using O6 output only:           7,573
      Number using O5 output only:             101
      Number using O5 and O6:                  720
      Number used as ROM:                        0
    Number used as Memory:                       0 out of   2,176    0%
    Number used exclusively as route-thrus:      5
      Number with same-slice register load:      0
      Number with same-slice carry load:         5
      Number with other load:                    0

Slice Logic Distribution:
  Number of occupied Slices:                 2,169 out of   2,278   95%
  Number of MUXCYs used:                       180 out of   4,556    3%
  Number of LUT Flip Flop pairs used:        8,409
    Number with an unused Flip Flop:         5,089 out of   8,409   60%
    Number with an unused LUT:                  10 out of   8,409    1%
    Number of fully used LUT-FF pairs:       3,310 out of   8,409   39%
    Number of unique control sets:              43
    Number of slice register sites lost
      to control set restrictions:             200 out of  18,224    1%

  A LUT Flip Flop pair for this architecture represents one LUT paired with
  one Flip Flop within a slice.  A control set is a unique combination of
  clock, reset, set, and enable signals for a registered element.
  The Slice Logic Distribution report is not meaningful if the design is
  over-mapped for a non-slice resource or if Placement fails.

IO Utilization:
  Number of bonded IOBs:                       102 out of     232   43%
    Number of LOCed IOBs:                      102 out of     102  100%
    IOB Flip Flops:                             16

Specific Feature Utilization:
  Number of RAMB16BWERs:                         5 out of      32   15%
  Number of RAMB8BWERs:                          0 out of      64    0%
  Number of BUFIO2/BUFIO2_2CLKs:                 0 out of      32    0%
  Number of BUFIO2FB/BUFIO2FB_2CLKs:             0 out of      32    0%
  Number of BUFG/BUFGMUXs:                       7 out of      16   43%
    Number used as BUFGs:                        7
    Number used as BUFGMUX:                      0
  Number of DCM/DCM_CLKGENs:                     0 out of       4    0%
  Number of ILOGIC2/ISERDES2s:                   0 out of     248    0%
  Number of IODELAY2/IODRP2/IODRP2_MCBs:         0 out of     248    0%
  Number of OLOGIC2/OSERDES2s:                  16 out of     248    6%
    Number used as OLOGIC2s:                    16
    Number used as OSERDES2s:                    0
  Number of BSCANs:                              0 out of       4    0%
  Number of BUFHs:                               0 out of     128    0%
  Number of BUFPLLs:                             0 out of       8    0%
  Number of BUFPLL_MCBs:                         0 out of       4    0%
  Number of DSP48A1s:                            0 out of      32    0%
  Number of ICAPs:                               0 out of       1    0%
  Number of MCBs:                                0 out of       2    0%
  Number of PCILOGICSEs:                         0 out of       2    0%
  Number of PLL_ADVs:                            0 out of       2    0%
  Number of PMVs:                                0 out of       1    0%
  Number of STARTUPs:                            0 out of       1    0%
  Number of SUSPEND_SYNCs:                       0 out of       1    0%

Average Fanout of Non-Clock Nets:                8.29

Peak Memory Usage:  516 MB
Total REAL time to MAP completion:  4 mins 7 secs 
Total CPU time to MAP completion:   4 mins 6 secs 

Table of Contents
-----------------
Section 1 - Errors
Section 2 - Warnings
Section 3 - Informational
Section 4 - Removed Logic Summary
Section 5 - Removed Logic
Section 6 - IOB Properties
Section 7 - RPMs
Section 8 - Guide Report
Section 9 - Area Group and Partition Summary
Section 10 - Timing Report
Section 11 - Configuration String Information
Section 12 - Control Set Information
Section 13 - Utilization by Hierarchy

Section 1 - Errors
------------------

Section 2 - Warnings
--------------------
WARNING:Place:1109 - A clock IOB / BUFGMUX clock component pair have been found
   that are not placed at an optimal clock IOB / BUFGMUX site pair. The clock
   IOB component <game_en<2>> is placed at site <F18>. The corresponding BUFG
   component <game_en_2_IBUF_BUFG> is placed at site <BUFGMUX_X3Y15>. There is
   only a select set of IOBs that can use the fast path to the Clocker buffer,
   and they are not being used. You may want to analyze why this problem exists
   and correct it. This is normally an ERROR but the CLOCK_DEDICATED_ROUTE
   constraint was applied on COMP.PIN <game_en<2>.PAD> allowing your design to
   continue. This constraint disables all clock placer rules related to the
   specified COMP.PIN. The use of this override is highly discouraged as it may
   lead to very poor timing results. It is recommended that this error condition
   be corrected in the design.
WARNING:PhysDesignRules:372 - Gated clock. Clock net
   game_rainfall/rst_n_random[1]_AND_69_o is sourced by a combinatorial pin.
   This is not good design practice. Use the CE pin to control the loading of
   data into the flip-flop.
WARNING:PhysDesignRules:372 - Gated clock. Clock net
   game_rainfall/rst_n_random[0]_AND_71_o is sourced by a combinatorial pin.
   This is not good design practice. Use the CE pin to control the loading of
   data into the flip-flop.

Section 3 - Informational
-------------------------
INFO:MapLib:562 - No environment variables are currently set.
INFO:LIT:244 - All of the single ended outputs in this design are using slew
   rate limited output drivers. The delay on speed critical single ended outputs
   can be dramatically reduced by designating them as fast outputs.
INFO:Pack:1716 - Initializing temperature to 85.000 Celsius. (default - Range:
   0.000 to 85.000 Celsius)
INFO:Pack:1720 - Initializing voltage to 1.140 Volts. (default - Range: 1.140 to
   1.260 Volts)
INFO:Map:215 - The Interim Design Summary has been generated in the MAP Report
   (.mrp).
INFO:Pack:1650 - Map created a placed design.

Section 4 - Removed Logic Summary
---------------------------------
   6 block(s) optimized away

Section 5 - Removed Logic
-------------------------

Optimized Block(s):
TYPE 		BLOCK
GND 		RAM_controller/R1/XST_GND
VCC 		RAM_controller/R1/XST_VCC
GND 		U_romctrl/R1/XST_GND
VCC 		U_romctrl/R1/XST_VCC
GND 		XST_GND
VCC 		XST_VCC

To enable printing of redundant blocks removed and signals merged, set the
detailed map report option and rerun map.

Section 6 - IOB Properties
--------------------------

+---------------------------------------------------------------------------------------------------------------------------------------------------------+
| IOB Name                           | Type             | Direction | IO Standard          | Diff  | Drive    | Slew | Reg (s)      | Resistor | IOB      |
|                                    |                  |           |                      | Term  | Strength | Rate |              |          | Delay    |
+---------------------------------------------------------------------------------------------------------------------------------------------------------+
| LCD_cs<0>                          | IOB              | OUTPUT    | LVCMOS25             |       | 12       | SLOW |              |          |          |
| LCD_cs<1>                          | IOB              | OUTPUT    | LVCMOS25             |       | 12       | SLOW |              |          |          |
| LCD_data<0>                        | IOB              | OUTPUT    | LVCMOS25             |       | 12       | SLOW |              |          |          |
| LCD_data<1>                        | IOB              | OUTPUT    | LVCMOS25             |       | 12       | SLOW |              |          |          |
| LCD_data<2>                        | IOB              | OUTPUT    | LVCMOS25             |       | 12       | SLOW |              |          |          |
| LCD_data<3>                        | IOB              | OUTPUT    | LVCMOS25             |       | 12       | SLOW |              |          |          |
| LCD_data<4>                        | IOB              | OUTPUT    | LVCMOS25             |       | 12       | SLOW |              |          |          |
| LCD_data<5>                        | IOB              | OUTPUT    | LVCMOS25             |       | 12       | SLOW |              |          |          |
| LCD_data<6>                        | IOB              | OUTPUT    | LVCMOS25             |       | 12       | SLOW |              |          |          |
| LCD_data<7>                        | IOB              | OUTPUT    | LVCMOS25             |       | 12       | SLOW |              |          |          |
| LCD_di                             | IOB              | OUTPUT    | LVCMOS25             |       | 12       | SLOW |              |          |          |
| LCD_en                             | IOB              | OUTPUT    | LVCMOS25             |       | 12       | SLOW |              |          |          |
| LCD_rst                            | IOB              | OUTPUT    | LVCMOS25             |       | 12       | SLOW |              |          |          |
| LCD_rw                             | IOB              | OUTPUT    | LVCMOS25             |       | 12       | SLOW |              |          |          |
| LED<0>                             | IOB              | OUTPUT    | LVCMOS25             |       | 12       | SLOW | OFF          |          |          |
| LED<1>                             | IOB              | OUTPUT    | LVCMOS25             |       | 12       | SLOW | OFF          |          |          |
| LED<2>                             | IOB              | OUTPUT    | LVCMOS25             |       | 12       | SLOW | OFF          |          |          |
| LED<3>                             | IOB              | OUTPUT    | LVCMOS25             |       | 12       | SLOW | OFF          |          |          |
| LED<4>                             | IOB              | OUTPUT    | LVCMOS25             |       | 12       | SLOW | OFF          |          |          |
| LED<5>                             | IOB              | OUTPUT    | LVCMOS25             |       | 12       | SLOW | OFF          |          |          |
| LED<6>                             | IOB              | OUTPUT    | LVCMOS25             |       | 12       | SLOW | OFF          |          |          |
| LED<7>                             | IOB              | OUTPUT    | LVCMOS25             |       | 12       | SLOW | OFF          |          |          |
| LED<8>                             | IOB              | OUTPUT    | LVCMOS25             |       | 12       | SLOW | OFF          |          |          |
| LED<9>                             | IOB              | OUTPUT    | LVCMOS25             |       | 12       | SLOW | OFF          |          |          |
| LED<10>                            | IOB              | OUTPUT    | LVCMOS25             |       | 12       | SLOW | OFF          |          |          |
| LED<11>                            | IOB              | OUTPUT    | LVCMOS25             |       | 12       | SLOW | OFF          |          |          |
| LED<12>                            | IOB              | OUTPUT    | LVCMOS25             |       | 12       | SLOW | OFF          |          |          |
| LED<13>                            | IOB              | OUTPUT    | LVCMOS25             |       | 12       | SLOW | OFF          |          |          |
| LED<14>                            | IOB              | OUTPUT    | LVCMOS25             |       | 12       | SLOW | OFF          |          |          |
| LED<15>                            | IOB              | OUTPUT    | LVCMOS25             |       | 12       | SLOW | OFF          |          |          |
| audio_appsel                       | IOB              | OUTPUT    | LVCMOS25             |       | 12       | SLOW |              |          |          |
| audio_bck                          | IOB              | OUTPUT    | LVCMOS25             |       | 12       | SLOW |              |          |          |
| audio_data                         | IOB              | OUTPUT    | LVCMOS25             |       | 12       | SLOW |              |          |          |
| audio_sysclk                       | IOB              | OUTPUT    | LVCMOS25             |       | 12       | SLOW |              |          |          |
| audio_ws                           | IOB              | OUTPUT    | LVCMOS25             |       | 12       | SLOW |              |          |          |
| clk                                | IOB              | INPUT     | LVCMOS25             |       |          |      |              |          |          |
| col_n<0>                           | IOB              | INPUT     | LVCMOS25             |       |          |      |              |          |          |
| col_n<1>                           | IOB              | INPUT     | LVCMOS25             |       |          |      |              |          |          |
| col_n<2>                           | IOB              | INPUT     | LVCMOS25             |       |          |      |              |          |          |
| col_n<3>                           | IOB              | INPUT     | LVCMOS25             |       |          |      |              |          |          |
| control<0>                         | IOB              | OUTPUT    | LVCMOS25             |       | 12       | SLOW |              |          |          |
| control<1>                         | IOB              | OUTPUT    | LVCMOS25             |       | 12       | SLOW |              |          |          |
| control<2>                         | IOB              | OUTPUT    | LVCMOS25             |       | 12       | SLOW |              |          |          |
| control<3>                         | IOB              | OUTPUT    | LVCMOS25             |       | 12       | SLOW |              |          |          |
| dialogue_in<0>                     | IOB              | INPUT     | LVCMOS25             |       |          |      |              |          |          |
| dialogue_in<1>                     | IOB              | INPUT     | LVCMOS25             |       |          |      |              |          |          |
| dialogue_in<2>                     | IOB              | INPUT     | LVCMOS25             |       |          |      |              |          |          |
| dialogue_in<3>                     | IOB              | INPUT     | LVCMOS25             |       |          |      |              |          |          |
| dialogue_out<0>                    | IOB              | OUTPUT    | LVCMOS25             |       | 12       | SLOW |              |          |          |
| dialogue_out<1>                    | IOB              | OUTPUT    | LVCMOS25             |       | 12       | SLOW |              |          |          |
| dialogue_out<2>                    | IOB              | OUTPUT    | LVCMOS25             |       | 12       | SLOW |              |          |          |
| dialogue_out<3>                    | IOB              | OUTPUT    | LVCMOS25             |       | 12       | SLOW |              |          |          |
| display<0>                         | IOB              | OUTPUT    | LVCMOS25             |       | 12       | SLOW |              |          |          |
| display<1>                         | IOB              | OUTPUT    | LVCMOS25             |       | 12       | SLOW |              |          |          |
| display<2>                         | IOB              | OUTPUT    | LVCMOS25             |       | 12       | SLOW |              |          |          |
| display<3>                         | IOB              | OUTPUT    | LVCMOS25             |       | 12       | SLOW |              |          |          |
| display<4>                         | IOB              | OUTPUT    | LVCMOS25             |       | 12       | SLOW |              |          |          |
| display<5>                         | IOB              | OUTPUT    | LVCMOS25             |       | 12       | SLOW |              |          |          |
| display<6>                         | IOB              | OUTPUT    | LVCMOS25             |       | 12       | SLOW |              |          |          |
| display<7>                         | IOB              | OUTPUT    | LVCMOS25             |       | 12       | SLOW |              |          |          |
| display<8>                         | IOB              | OUTPUT    | LVCMOS25             |       | 12       | SLOW |              |          |          |
| display<9>                         | IOB              | OUTPUT    | LVCMOS25             |       | 12       | SLOW |              |          |          |
| display<10>                        | IOB              | OUTPUT    | LVCMOS25             |       | 12       | SLOW |              |          |          |
| display<11>                        | IOB              | OUTPUT    | LVCMOS25             |       | 12       | SLOW |              |          |          |
| display<12>                        | IOB              | OUTPUT    | LVCMOS25             |       | 12       | SLOW |              |          |          |
| display<13>                        | IOB              | OUTPUT    | LVCMOS25             |       | 12       | SLOW |              |          |          |
| display<14>                        | IOB              | OUTPUT    | LVCMOS25             |       | 12       | SLOW |              |          |          |
| game_cancel                        | IOB              | INPUT     | LVCMOS25             |       |          |      |              |          |          |
| game_cancel_out                    | IOB              | OUTPUT    | LVCMOS25             |       | 12       | SLOW |              |          |          |
| game_en<0>                         | IOB              | INPUT     | LVCMOS25             |       |          |      |              |          |          |
| game_en<1>                         | IOB              | INPUT     | LVCMOS25             |       |          |      |              |          |          |
| game_en<2>                         | IOB              | INPUT     | LVCMOS25             |       |          |      |              |          |          |
| game_invite                        | IOB              | INPUT     | LVCMOS25             |       |          |      |              |          |          |
| game_invite_out                    | IOB              | OUTPUT    | LVCMOS25             |       | 12       | SLOW |              |          |          |
| music_on_off                       | IOB              | INPUT     | LVCMOS25             |       |          |      |              |          |          |
| note<0>                            | IOB              | OUTPUT    | LVCMOS25             |       | 12       | SLOW |              |          |          |
| note<1>                            | IOB              | OUTPUT    | LVCMOS25             |       | 12       | SLOW |              |          |          |
| note<2>                            | IOB              | OUTPUT    | LVCMOS25             |       | 12       | SLOW |              |          |          |
| note<3>                            | IOB              | OUTPUT    | LVCMOS25             |       | 12       | SLOW |              |          |          |
| note<4>                            | IOB              | OUTPUT    | LVCMOS25             |       | 12       | SLOW |              |          |          |
| note<5>                            | IOB              | OUTPUT    | LVCMOS25             |       | 12       | SLOW |              |          |          |
| row_n<0>                           | IOB              | OUTPUT    | LVCMOS25             |       | 12       | SLOW |              |          |          |
| row_n<1>                           | IOB              | OUTPUT    | LVCMOS25             |       | 12       | SLOW |              |          |          |
| row_n<2>                           | IOB              | OUTPUT    | LVCMOS25             |       | 12       | SLOW |              |          |          |
| row_n<3>                           | IOB              | OUTPUT    | LVCMOS25             |       | 12       | SLOW |              |          |          |
| rst_n                              | IOB              | INPUT     | LVCMOS25             |       |          |      |              |          |          |
| rst_n_in                           | IOB              | INPUT     | LVCMOS25             |       |          |      |              |          |          |
| rst_n_out                          | IOB              | OUTPUT    | LVCMOS25             |       | 12       | SLOW |              |          |          |
| score_out<0>                       | IOB              | OUTPUT    | LVCMOS25             |       | 12       | SLOW |              |          |          |
| score_out<1>                       | IOB              | OUTPUT    | LVCMOS25             |       | 12       | SLOW |              |          |          |
| score_out<2>                       | IOB              | OUTPUT    | LVCMOS25             |       | 12       | SLOW |              |          |          |
| score_out<3>                       | IOB              | OUTPUT    | LVCMOS25             |       | 12       | SLOW |              |          |          |
| score_out<4>                       | IOB              | OUTPUT    | LVCMOS25             |       | 12       | SLOW |              |          |          |
| score_out<5>                       | IOB              | OUTPUT    | LVCMOS25             |       | 12       | SLOW |              |          |          |
| score_out<6>                       | IOB              | OUTPUT    | LVCMOS25             |       | 12       | SLOW |              |          |          |
| score_out<7>                       | IOB              | OUTPUT    | LVCMOS25             |       | 12       | SLOW |              |          |          |
| state<0>                           | IOB              | INPUT     | LVCMOS25             |       |          |      |              |          |          |
| state<1>                           | IOB              | INPUT     | LVCMOS25             |       |          |      |              |          |          |
| state<2>                           | IOB              | INPUT     | LVCMOS25             |       |          |      |              |          |          |
| state<3>                           | IOB              | INPUT     | LVCMOS25             |       |          |      |              |          |          |
| win_lose_main<0>                   | IOB              | INPUT     | LVCMOS25             |       |          |      |              |          |          |
| win_lose_main<1>                   | IOB              | INPUT     | LVCMOS25             |       |          |      |              |          |          |
+---------------------------------------------------------------------------------------------------------------------------------------------------------+

Section 7 - RPMs
----------------

Section 8 - Guide Report
------------------------
Guide not run on this design.

Section 9 - Area Group and Partition Summary
--------------------------------------------

Partition Implementation Status
-------------------------------

  No Partitions were found in this design.

-------------------------------

Area Group Information
----------------------

  No area groups were found in this design.

----------------------

Section 10 - Timing Report
--------------------------
A logic-level (pre-route) timing report can be generated by using Xilinx static
timing analysis tools, Timing Analyzer (GUI) or TRCE (command line), with the
mapped NCD and PCF files. Please note that this timing report will be generated
using estimated delay information. For accurate numbers, please generate a
timing report with the post Place and Route NCD file.

For more information about the Timing Analyzer, consult the Xilinx Timing
Analyzer Reference Manual; for more information about TRCE, consult the Xilinx
Command Line Tools User Guide "TRACE" chapter.

Section 11 - Configuration String Details
-----------------------------------------
Use the "-detail" map option to print out Configuration Strings

Section 12 - Control Set Information
------------------------------------
Use the "-detail" map option to print out Control Set Information.

Section 13 - Utilization by Hierarchy
-------------------------------------
Use the "-detail" map option to print out the Utilization by Hierarchy section.
