--------------------------------------------------------------------------------
Release 14.7 Trace  (nt64)
Copyright (c) 1995-2013 Xilinx, Inc.  All rights reserved.

D:\Xilinx\14.7\ISE_DS\ISE\bin\nt64\unwrapped\trce.exe -intstyle ise -v 3 -s 3
-n 3 -fastpaths -xml brainwars_main.twx brainwars_main.ncd -o
brainwars_main.twr brainwars_main.pcf -ucf brainwars_main.ucf

Design file:              brainwars_main.ncd
Physical constraint file: brainwars_main.pcf
Device,package,speed:     xc6slx16,csg324,C,-3 (PRODUCTION 1.23 2013-10-13)
Report level:             verbose report

Environment Variable      Effect 
--------------------      ------ 
NONE                      No environment variables were set
--------------------------------------------------------------------------------

INFO:Timing:2698 - No timing constraints found, doing default enumeration.
INFO:Timing:3412 - To improve timing, see the Timing Closure User Guide (UG612).
INFO:Timing:2752 - To get complete path coverage, use the unconstrained paths 
   option. All paths that are not constrained will be reported in the 
   unconstrained paths section(s) of the report.
INFO:Timing:3339 - The clock-to-out numbers in this timing report are based on 
   a 50 Ohm transmission line loading model.  For the details of this model, 
   and for more information on accounting for different loading conditions, 
   please see the device datasheet.



Data Sheet report:
-----------------
All values displayed in nanoseconds (ns)

Setup/Hold to clock clk
------------+------------+------------+------------+------------+------------------+--------+
            |Max Setup to|  Process   |Max Hold to |  Process   |                  | Clock  |
Source      | clk (edge) |   Corner   | clk (edge) |   Corner   |Internal Clock(s) | Phase  |
------------+------------+------------+------------+------------+------------------+--------+
rst_n       |    9.037(R)|      SLOW  |   -2.834(R)|      FAST  |clk_IBUF_BUFG     |   0.000|
rst_n_in    |    6.831(R)|      SLOW  |   -1.363(R)|      FAST  |clk_IBUF_BUFG     |   0.000|
------------+------------+------------+------------+------------+------------------+--------+

Clock clk to Pad
------------+-----------------+------------+-----------------+------------+------------------+--------+
            |Max (slowest) clk|  Process   |Min (fastest) clk|  Process   |                  | Clock  |
Destination |  (edge) to PAD  |   Corner   |  (edge) to PAD  |   Corner   |Internal Clock(s) | Phase  |
------------+-----------------+------------+-----------------+------------+------------------+--------+
LCD_cs<0>   |         7.910(R)|      SLOW  |         4.158(R)|      FAST  |clk_IBUF_BUFG     |   0.000|
LCD_cs<1>   |         7.779(R)|      SLOW  |         4.159(R)|      FAST  |clk_IBUF_BUFG     |   0.000|
LCD_data<0> |         9.999(R)|      SLOW  |         5.488(R)|      FAST  |clk_IBUF_BUFG     |   0.000|
LCD_data<1> |         9.623(R)|      SLOW  |         5.245(R)|      FAST  |clk_IBUF_BUFG     |   0.000|
LCD_data<2> |         9.763(R)|      SLOW  |         5.375(R)|      FAST  |clk_IBUF_BUFG     |   0.000|
LCD_data<3> |         9.340(R)|      SLOW  |         5.115(R)|      FAST  |clk_IBUF_BUFG     |   0.000|
LCD_data<4> |         9.984(R)|      SLOW  |         5.518(R)|      FAST  |clk_IBUF_BUFG     |   0.000|
LCD_data<5> |         9.698(R)|      SLOW  |         5.344(R)|      FAST  |clk_IBUF_BUFG     |   0.000|
LCD_data<6> |         9.082(R)|      SLOW  |         4.919(R)|      FAST  |clk_IBUF_BUFG     |   0.000|
LCD_data<7> |         8.994(R)|      SLOW  |         4.862(R)|      FAST  |clk_IBUF_BUFG     |   0.000|
LCD_di      |         9.627(R)|      SLOW  |         5.261(R)|      FAST  |clk_IBUF_BUFG     |   0.000|
LCD_en      |         9.417(R)|      SLOW  |         5.128(R)|      FAST  |clk_IBUF_BUFG     |   0.000|
audio_bck   |         6.598(R)|      SLOW  |         3.372(R)|      FAST  |clk_IBUF_BUFG     |   0.000|
audio_data  |         8.148(R)|      SLOW  |         3.852(R)|      FAST  |clk_IBUF_BUFG     |   0.000|
audio_ws    |         6.794(R)|      SLOW  |         3.489(R)|      FAST  |clk_IBUF_BUFG     |   0.000|
------------+-----------------+------------+-----------------+------------+------------------+--------+

Clock to Setup on destination clock clk
---------------+---------+---------+---------+---------+
               | Src:Rise| Src:Fall| Src:Rise| Src:Fall|
Source Clock   |Dest:Rise|Dest:Rise|Dest:Fall|Dest:Fall|
---------------+---------+---------+---------+---------+
clk            |    4.339|         |         |         |
---------------+---------+---------+---------+---------+

Pad to Pad
---------------+---------------+---------+
Source Pad     |Destination Pad|  Delay  |
---------------+---------------+---------+
clk            |audio_sysclk   |    7.915|
rst_n          |LCD_rst        |   11.618|
rst_n          |rst_n_out      |    8.956|
rst_n_in       |LCD_rst        |    9.608|
---------------+---------------+---------+


Analysis completed Fri Jun 19 19:31:44 2015 
--------------------------------------------------------------------------------

Trace Settings:
-------------------------
Trace Settings 

Peak Memory Usage: 358 MB



