Release 14.7 - xst P.20131013 (nt)
Copyright (c) 1995-2013 Xilinx, Inc.  All rights reserved.
--> Parameter TMPDIR set to xst/projnav.tmp


Total REAL time to Xst completion: 0.00 secs
Total CPU time to Xst completion: 0.32 secs
 
--> Parameter xsthdpdir set to xst


Total REAL time to Xst completion: 0.00 secs
Total CPU time to Xst completion: 0.33 secs
 
--> Reading design: BCD_30_Down_Counter.prj

TABLE OF CONTENTS
  1) Synthesis Options Summary
  2) HDL Parsing
  3) HDL Elaboration
  4) HDL Synthesis
       4.1) HDL Synthesis Report
  5) Advanced HDL Synthesis
       5.1) Advanced HDL Synthesis Report
  6) Low Level Synthesis
  7) Partition Report
  8) Design Summary
       8.1) Primitive and Black Box Usage
       8.2) Device utilization summary
       8.3) Partition Resource Summary
       8.4) Timing Report
            8.4.1) Clock Information
            8.4.2) Asynchronous Control Signals Information
            8.4.3) Timing Summary
            8.4.4) Timing Details
            8.4.5) Cross Clock Domains Report


=========================================================================
*                      Synthesis Options Summary                        *
=========================================================================
---- Source Parameters
Input File Name                    : "BCD_30_Down_Counter.prj"
Ignore Synthesis Constraint File   : NO

---- Target Parameters
Output File Name                   : "BCD_30_Down_Counter"
Output Format                      : NGC
Target Device                      : xc6slx16-3-csg324

---- Source Options
Top Module Name                    : BCD_30_Down_Counter
Automatic FSM Extraction           : YES
FSM Encoding Algorithm             : Auto
Safe Implementation                : No
FSM Style                          : LUT
RAM Extraction                     : Yes
RAM Style                          : Auto
ROM Extraction                     : Yes
Shift Register Extraction          : YES
ROM Style                          : Auto
Resource Sharing                   : YES
Asynchronous To Synchronous        : NO
Shift Register Minimum Size        : 2
Use DSP Block                      : Auto
Automatic Register Balancing       : No

---- Target Options
LUT Combining                      : Auto
Reduce Control Sets                : Auto
Add IO Buffers                     : YES
Global Maximum Fanout              : 100000
Add Generic Clock Buffer(BUFG)     : 16
Register Duplication               : YES
Optimize Instantiated Primitives   : NO
Use Clock Enable                   : Auto
Use Synchronous Set                : Auto
Use Synchronous Reset              : Auto
Pack IO Registers into IOBs        : Auto
Equivalent register Removal        : YES

---- General Options
Optimization Goal                  : Speed
Optimization Effort                : 1
Power Reduction                    : NO
Keep Hierarchy                     : No
Netlist Hierarchy                  : As_Optimized
RTL Output                         : Yes
Global Optimization                : AllClockNets
Read Cores                         : YES
Write Timing Constraints           : NO
Cross Clock Analysis               : NO
Hierarchy Separator                : /
Bus Delimiter                      : <>
Case Specifier                     : Maintain
Slice Utilization Ratio            : 100
BRAM Utilization Ratio             : 100
DSP48 Utilization Ratio            : 100
Auto BRAM Packing                  : NO
Slice Utilization Ratio Delta      : 5

=========================================================================


=========================================================================
*                          HDL Parsing                                  *
=========================================================================
Analyzing Verilog file "D:\Lab\Lab5-1\scan_ctl.v" into library work
Parsing module <scan_ctl>.
Analyzing Verilog file "D:\Lab\Lab5-1\fsm.v" into library work
Parsing module <fsm>.
Analyzing Verilog file "D:\Lab\Lab5-1\freq_div.v" into library work
Parsing module <freq_div>.
Analyzing Verilog file "D:\Lab\Lab5-1\bcd_display.v" into library work
Parsing module <bcd_display>.
Analyzing Verilog file "D:\Lab\Lab5-1\bcd_cnt.v" into library work
Parsing module <bcd_cnt>.
Analyzing Verilog file "D:\Lab\Lab5-1\BCD_30_Down_Counter.v" into library work
Parsing module <BCD_30_Down_Counter>.

=========================================================================
*                            HDL Elaboration                            *
=========================================================================

Elaborating module <BCD_30_Down_Counter>.

Elaborating module <freq_div>.

Elaborating module <fsm>.

Elaborating module <bcd_cnt>.

Elaborating module <scan_ctl>.

Elaborating module <bcd_display>.

=========================================================================
*                           HDL Synthesis                               *
=========================================================================

Synthesizing Unit <BCD_30_Down_Counter>.
    Related source file is "D:\Lab\Lab5-1\BCD_30_Down_Counter.v".
    Summary:
	no macro.
Unit <BCD_30_Down_Counter> synthesized.

Synthesizing Unit <freq_div>.
    Related source file is "D:\Lab\Lab5-1\freq_div.v".
    Found 2-bit register for signal <clk_ctl>.
    Found 7-bit register for signal <cnt_h>.
    Found 15-bit register for signal <cnt_l>.
    Found 1-bit register for signal <clk_out>.
    Found 25-bit adder for signal <cnt_tmp> created at line 42.
    Summary:
	inferred   1 Adder/Subtractor(s).
	inferred  25 D-type flip-flop(s).
Unit <freq_div> synthesized.

Synthesizing Unit <fsm>.
    Related source file is "D:\Lab\Lab5-1\fsm.v".
    Found 1-bit register for signal <state>.
    Summary:
	inferred   1 D-type flip-flop(s).
	inferred   1 Multiplexer(s).
Unit <fsm> synthesized.

Synthesizing Unit <bcd_cnt>.
    Related source file is "D:\Lab\Lab5-1\bcd_cnt.v".
    Found 16-bit register for signal <led>.
    Found 4-bit register for signal <out0>.
    Found 4-bit register for signal <out1>.
    Found 4-bit subtractor for signal <out0_tmp> created at line 44.
    Found 4-bit subtractor for signal <out1_tmp> created at line 46.
    Summary:
	inferred   2 Adder/Subtractor(s).
	inferred  24 D-type flip-flop(s).
	inferred   1 Multiplexer(s).
Unit <bcd_cnt> synthesized.

Synthesizing Unit <scan_ctl>.
    Related source file is "D:\Lab\Lab5-1\scan_ctl.v".
    Found 4x4-bit Read Only RAM for signal <ctl>
    Summary:
	inferred   1 RAM(s).
	inferred   3 Multiplexer(s).
Unit <scan_ctl> synthesized.

Synthesizing Unit <bcd_display>.
    Related source file is "D:\Lab\Lab5-1\bcd_display.v".
    Found 16x15-bit Read Only RAM for signal <display>
    Summary:
	inferred   1 RAM(s).
Unit <bcd_display> synthesized.

=========================================================================
HDL Synthesis Report

Macro Statistics
# RAMs                                                 : 2
 16x15-bit single-port Read Only RAM                   : 1
 4x4-bit single-port Read Only RAM                     : 1
# Adders/Subtractors                                   : 3
 25-bit adder                                          : 1
 4-bit subtractor                                      : 2
# Registers                                            : 8
 1-bit register                                        : 2
 15-bit register                                       : 1
 16-bit register                                       : 1
 2-bit register                                        : 1
 4-bit register                                        : 2
 7-bit register                                        : 1
# Multiplexers                                         : 5
 1-bit 2-to-1 multiplexer                              : 1
 4-bit 2-to-1 multiplexer                              : 4

=========================================================================

=========================================================================
*                       Advanced HDL Synthesis                          *
=========================================================================

INFO:Xst:2261 - The FF/Latch <led_0> in Unit <B0> is equivalent to the following 15 FFs/Latches, which will be removed : <led_1> <led_2> <led_3> <led_4> <led_5> <led_6> <led_7> <led_8> <led_9> <led_10> <led_11> <led_12> <led_13> <led_14> <led_15> 

Synthesizing (advanced) Unit <bcd_cnt>.
The following registers are absorbed into counter <out1>: 1 register on signal <out1>.
The following registers are absorbed into counter <out0>: 1 register on signal <out0>.
Unit <bcd_cnt> synthesized (advanced).

Synthesizing (advanced) Unit <bcd_display>.
INFO:Xst:3218 - HDL ADVISOR - The RAM <Mram_display> will be implemented on LUTs either because you have described an asynchronous read or because of currently unsupported block RAM features. If you have described an asynchronous read, making it synchronous would allow you to take advantage of available block RAM resources, for optimized device usage and improved timings. Please refer to your documentation for coding guidelines.
    -----------------------------------------------------------------------
    | ram_type           | Distributed                         |          |
    -----------------------------------------------------------------------
    | Port A                                                              |
    |     aspect ratio   | 16-word x 15-bit                    |          |
    |     weA            | connected to signal <GND>           | high     |
    |     addrA          | connected to signal <bcd>           |          |
    |     diA            | connected to signal <GND>           |          |
    |     doA            | connected to signal <display>       |          |
    -----------------------------------------------------------------------
Unit <bcd_display> synthesized (advanced).

Synthesizing (advanced) Unit <scan_ctl>.
INFO:Xst:3218 - HDL ADVISOR - The RAM <Mram_ctl> will be implemented on LUTs either because you have described an asynchronous read or because of currently unsupported block RAM features. If you have described an asynchronous read, making it synchronous would allow you to take advantage of available block RAM resources, for optimized device usage and improved timings. Please refer to your documentation for coding guidelines.
    -----------------------------------------------------------------------
    | ram_type           | Distributed                         |          |
    -----------------------------------------------------------------------
    | Port A                                                              |
    |     aspect ratio   | 4-word x 4-bit                      |          |
    |     weA            | connected to signal <GND>           | high     |
    |     addrA          | connected to signal <clk_ctl>       |          |
    |     diA            | connected to signal <GND>           |          |
    |     doA            | connected to signal <ctl>           |          |
    -----------------------------------------------------------------------
Unit <scan_ctl> synthesized (advanced).

=========================================================================
Advanced HDL Synthesis Report

Macro Statistics
# RAMs                                                 : 2
 16x15-bit single-port distributed Read Only RAM       : 1
 4x4-bit single-port distributed Read Only RAM         : 1
# Adders/Subtractors                                   : 1
 25-bit adder                                          : 1
# Counters                                             : 2
 4-bit down counter                                    : 2
# Registers                                            : 42
 Flip-Flops                                            : 42
# Multiplexers                                         : 4
 1-bit 2-to-1 multiplexer                              : 1
 4-bit 2-to-1 multiplexer                              : 3

=========================================================================

=========================================================================
*                         Low Level Synthesis                           *
=========================================================================
INFO:Xst:2261 - The FF/Latch <led_0> in Unit <bcd_cnt> is equivalent to the following 15 FFs/Latches, which will be removed : <led_1> <led_2> <led_3> <led_4> <led_5> <led_6> <led_7> <led_8> <led_9> <led_10> <led_11> <led_12> <led_13> <led_14> <led_15> 

Optimizing unit <BCD_30_Down_Counter> ...

Optimizing unit <freq_div> ...

Optimizing unit <bcd_cnt> ...

Mapping all equations...
Building and optimizing final netlist ...
Found area constraint ratio of 100 (+ 5) on block BCD_30_Down_Counter, actual ratio is 0.

Final Macro Processing ...

=========================================================================
Final Register Report

Macro Statistics
# Registers                                            : 35
 Flip-Flops                                            : 35

=========================================================================

=========================================================================
*                           Partition Report                            *
=========================================================================

Partition Implementation Status
-------------------------------

  No Partitions were found in this design.

-------------------------------

=========================================================================
*                            Design Summary                             *
=========================================================================

Top Level Output File Name         : BCD_30_Down_Counter.ngc

Primitive and Black Box Usage:
------------------------------
# BELS                             : 101
#      GND                         : 1
#      INV                         : 3
#      LUT1                        : 24
#      LUT2                        : 2
#      LUT3                        : 4
#      LUT4                        : 4
#      LUT5                        : 3
#      LUT6                        : 10
#      MUXCY                       : 24
#      VCC                         : 1
#      XORCY                       : 25
# FlipFlops/Latches                : 35
#      FDC                         : 26
#      FDCE                        : 6
#      FDP                         : 1
#      FDPE                        : 2
# Clock Buffers                    : 1
#      BUFGP                       : 1
# IO Buffers                       : 37
#      IBUF                        : 2
#      OBUF                        : 35

Device utilization summary:
---------------------------

Selected Device : 6slx16csg324-3 


Slice Logic Utilization: 
 Number of Slice Registers:              35  out of  18224     0%  
 Number of Slice LUTs:                   50  out of   9112     0%  
    Number used as Logic:                50  out of   9112     0%  

Slice Logic Distribution: 
 Number of LUT Flip Flop pairs used:     50
   Number with an unused Flip Flop:      15  out of     50    30%  
   Number with an unused LUT:             0  out of     50     0%  
   Number of fully used LUT-FF pairs:    35  out of     50    70%  
   Number of unique control sets:         4

IO Utilization: 
 Number of IOs:                          38
 Number of bonded IOBs:                  38  out of    232    16%  

Specific Feature Utilization:
 Number of BUFG/BUFGCTRLs:                1  out of     16     6%  

---------------------------
Partition Resource Summary:
---------------------------

  No Partitions were found in this design.

---------------------------


=========================================================================
Timing Report

NOTE: THESE TIMING NUMBERS ARE ONLY A SYNTHESIS ESTIMATE.
      FOR ACCURATE TIMING INFORMATION PLEASE REFER TO THE TRACE REPORT
      GENERATED AFTER PLACE-and-ROUTE.

Clock Information:
------------------
-----------------------------------+------------------------+-------+
Clock Signal                       | Clock buffer(FF name)  | Load  |
-----------------------------------+------------------------+-------+
F0/clk_out                         | NONE(FS0/state)        | 10    |
clk                                | BUFGP                  | 25    |
-----------------------------------+------------------------+-------+
INFO:Xst:2169 - HDL ADVISOR - Some clock signals were not automatically buffered by XST with BUFG/BUFR resources. Please use the buffer_type constraint in order to insert these buffers to the clock signals to help prevent skew problems.

Asynchronous Control Signals Information:
----------------------------------------
No asynchronous control signals found in this design

Timing Summary:
---------------
Speed Grade: -3

   Minimum period: 3.106ns (Maximum Frequency: 321.973MHz)
   Minimum input arrival time before clock: 3.983ns
   Maximum output required time after clock: 6.341ns
   Maximum combinational path delay: No path found

Timing Details:
---------------
All values displayed in nanoseconds (ns)

=========================================================================
Timing constraint: Default period analysis for Clock 'F0/clk_out'
  Clock period: 3.106ns (frequency: 321.973MHz)
  Total number of paths / destination ports: 86 / 18
-------------------------------------------------------------------------
Delay:               3.106ns (Levels of Logic = 3)
  Source:            FS0/state (FF)
  Destination:       B0/led_0 (FF)
  Source Clock:      F0/clk_out rising
  Destination Clock: F0/clk_out rising

  Data Path: FS0/state to B0/led_0
                                Gate     Net
    Cell:in->out      fanout   Delay   Delay  Logical Name (Net Name)
    ----------------------------------------  ------------
     FDP:C->Q              2   0.447   0.617  FS0/state (FS0/state)
     LUT2:I1->O            6   0.205   0.745  FS0/Mmux_count_enable11 (w7)
     LUT6:I5->O            1   0.205   0.580  B0/led_0_dpot (B0/led_0_dpot)
     LUT6:I5->O            1   0.205   0.000  B0/led_0_rstpot (B0/led_0_rstpot)
     FDC:D                     0.102          B0/led_0
    ----------------------------------------
    Total                      3.106ns (1.164ns logic, 1.942ns route)
                                       (37.5% logic, 62.5% route)

=========================================================================
Timing constraint: Default period analysis for Clock 'clk'
  Clock period: 2.191ns (frequency: 456.319MHz)
  Total number of paths / destination ports: 325 / 25
-------------------------------------------------------------------------
Delay:               2.191ns (Levels of Logic = 11)
  Source:            F0/clk_ctl_0 (FF)
  Destination:       F0/clk_out (FF)
  Source Clock:      clk rising
  Destination Clock: clk rising

  Data Path: F0/clk_ctl_0 to F0/clk_out
                                Gate     Net
    Cell:in->out      fanout   Delay   Delay  Logical Name (Net Name)
    ----------------------------------------  ------------
     FDC:C->Q             13   0.447   0.933  F0/clk_ctl_0 (F0/clk_ctl_0)
     LUT1:I0->O            1   0.205   0.000  F0/Madd_cnt_tmp_cy<15>_rt (F0/Madd_cnt_tmp_cy<15>_rt)
     MUXCY:S->O            1   0.172   0.000  F0/Madd_cnt_tmp_cy<15> (F0/Madd_cnt_tmp_cy<15>)
     MUXCY:CI->O           1   0.019   0.000  F0/Madd_cnt_tmp_cy<16> (F0/Madd_cnt_tmp_cy<16>)
     MUXCY:CI->O           1   0.019   0.000  F0/Madd_cnt_tmp_cy<17> (F0/Madd_cnt_tmp_cy<17>)
     MUXCY:CI->O           1   0.019   0.000  F0/Madd_cnt_tmp_cy<18> (F0/Madd_cnt_tmp_cy<18>)
     MUXCY:CI->O           1   0.019   0.000  F0/Madd_cnt_tmp_cy<19> (F0/Madd_cnt_tmp_cy<19>)
     MUXCY:CI->O           1   0.019   0.000  F0/Madd_cnt_tmp_cy<20> (F0/Madd_cnt_tmp_cy<20>)
     MUXCY:CI->O           1   0.019   0.000  F0/Madd_cnt_tmp_cy<21> (F0/Madd_cnt_tmp_cy<21>)
     MUXCY:CI->O           1   0.019   0.000  F0/Madd_cnt_tmp_cy<22> (F0/Madd_cnt_tmp_cy<22>)
     MUXCY:CI->O           0   0.019   0.000  F0/Madd_cnt_tmp_cy<23> (F0/Madd_cnt_tmp_cy<23>)
     XORCY:CI->O           1   0.180   0.000  F0/Madd_cnt_tmp_xor<24> (F0/cnt_tmp<24>)
     FDC:D                     0.102          F0/clk_out
    ----------------------------------------
    Total                      2.191ns (1.258ns logic, 0.933ns route)
                                       (57.4% logic, 42.6% route)

=========================================================================
Timing constraint: Default OFFSET IN BEFORE for Clock 'F0/clk_out'
  Total number of paths / destination ports: 20 / 20
-------------------------------------------------------------------------
Offset:              3.983ns (Levels of Logic = 4)
  Source:            pause (PAD)
  Destination:       B0/led_0 (FF)
  Destination Clock: F0/clk_out rising

  Data Path: pause to B0/led_0
                                Gate     Net
    Cell:in->out      fanout   Delay   Delay  Logical Name (Net Name)
    ----------------------------------------  ------------
     IBUF:I->O             2   1.222   0.721  pause_IBUF (pause_IBUF)
     LUT2:I0->O            6   0.203   0.745  FS0/Mmux_count_enable11 (w7)
     LUT6:I5->O            1   0.205   0.580  B0/led_0_dpot (B0/led_0_dpot)
     LUT6:I5->O            1   0.205   0.000  B0/led_0_rstpot (B0/led_0_rstpot)
     FDC:D                     0.102          B0/led_0
    ----------------------------------------
    Total                      3.983ns (1.937ns logic, 2.046ns route)
                                       (48.6% logic, 51.4% route)

=========================================================================
Timing constraint: Default OFFSET IN BEFORE for Clock 'clk'
  Total number of paths / destination ports: 25 / 25
-------------------------------------------------------------------------
Offset:              3.771ns (Levels of Logic = 2)
  Source:            rst_n (PAD)
  Destination:       F0/clk_ctl_1 (FF)
  Destination Clock: clk rising

  Data Path: rst_n to F0/clk_ctl_1
                                Gate     Net
    Cell:in->out      fanout   Delay   Delay  Logical Name (Net Name)
    ----------------------------------------  ------------
     IBUF:I->O             1   1.222   0.579  rst_n_IBUF (rst_n_IBUF)
     INV:I->O             35   0.206   1.334  FS0/rst_n_inv1_INV_0 (B0/rst_n_inv)
     FDC:CLR                   0.430          F0/cnt_l_0
    ----------------------------------------
    Total                      3.771ns (1.858ns logic, 1.913ns route)
                                       (49.3% logic, 50.7% route)

=========================================================================
Timing constraint: Default OFFSET OUT AFTER for Clock 'clk'
  Total number of paths / destination ports: 34 / 10
-------------------------------------------------------------------------
Offset:              6.341ns (Levels of Logic = 3)
  Source:            F0/clk_ctl_0 (FF)
  Destination:       display<8> (PAD)
  Source Clock:      clk rising

  Data Path: F0/clk_ctl_0 to display<8>
                                Gate     Net
    Cell:in->out      fanout   Delay   Delay  Logical Name (Net Name)
    ----------------------------------------  ------------
     FDC:C->Q             13   0.447   1.161  F0/clk_ctl_0 (F0/clk_ctl_0)
     LUT3:I0->O            7   0.205   1.138  S0/Mmux_out21 (w6<1>)
     LUT6:I0->O            2   0.203   0.616  display<8>1 (display_8_OBUF)
     OBUF:I->O                 2.571          display_8_OBUF (display<8>)
    ----------------------------------------
    Total                      6.341ns (3.426ns logic, 2.915ns route)
                                       (54.0% logic, 46.0% route)

=========================================================================
Timing constraint: Default OFFSET OUT AFTER for Clock 'F0/clk_out'
  Total number of paths / destination ports: 80 / 24
-------------------------------------------------------------------------
Offset:              6.056ns (Levels of Logic = 3)
  Source:            B0/out0_1 (FF)
  Destination:       display<8> (PAD)
  Source Clock:      F0/clk_out rising

  Data Path: B0/out0_1 to display<8>
                                Gate     Net
    Cell:in->out      fanout   Delay   Delay  Logical Name (Net Name)
    ----------------------------------------  ------------
     FDCE:C->Q             7   0.447   0.878  B0/out0_1 (B0/out0_1)
     LUT3:I1->O            7   0.203   1.138  S0/Mmux_out21 (w6<1>)
     LUT6:I0->O            2   0.203   0.616  display<8>1 (display_8_OBUF)
     OBUF:I->O                 2.571          display_8_OBUF (display<8>)
    ----------------------------------------
    Total                      6.056ns (3.424ns logic, 2.632ns route)
                                       (56.5% logic, 43.5% route)

=========================================================================

Cross Clock Domains Report:
--------------------------

Clock to Setup on destination clock F0/clk_out
---------------+---------+---------+---------+---------+
               | Src:Rise| Src:Fall| Src:Rise| Src:Fall|
Source Clock   |Dest:Rise|Dest:Rise|Dest:Fall|Dest:Fall|
---------------+---------+---------+---------+---------+
F0/clk_out     |    3.106|         |         |         |
---------------+---------+---------+---------+---------+

Clock to Setup on destination clock clk
---------------+---------+---------+---------+---------+
               | Src:Rise| Src:Fall| Src:Rise| Src:Fall|
Source Clock   |Dest:Rise|Dest:Rise|Dest:Fall|Dest:Fall|
---------------+---------+---------+---------+---------+
clk            |    2.191|         |         |         |
---------------+---------+---------+---------+---------+

=========================================================================


Total REAL time to Xst completion: 6.00 secs
Total CPU time to Xst completion: 6.01 secs
 
--> 

Total memory usage is 193136 kilobytes

Number of errors   :    0 (   0 filtered)
Number of warnings :    0 (   0 filtered)
Number of infos    :    5 (   0 filtered)

